0 info it worked if it ends with ok
1 verbose cli [ 'C:\\Program Files\\nodejs\\node.exe',
1 verbose cli   'C:\\Program Files\\nodejs\\node_modules\\npm\\bin\\npm-cli.js',
1 verbose cli   'run',
1 verbose cli   'test' ]
2 info using npm@3.10.3
3 info using node@v6.3.1
4 verbose run-script [ 'pretest', 'test', 'posttest' ]
5 info lifecycle application.core@1.0.0~pretest: application.core@1.0.0
6 silly lifecycle application.core@1.0.0~pretest: no script for pretest, continuing
7 info lifecycle application.core@1.0.0~test: application.core@1.0.0
8 verbose lifecycle application.core@1.0.0~test: unsafe-perm in lifecycle true
9 verbose lifecycle application.core@1.0.0~test: PATH: C:\Program Files\nodejs\node_modules\npm\bin\node-gyp-bin;C:\Eswar\Projects\UniqueRay\Application.Core\node_modules\.bin;C:\Program Files\nodejs;C:\ProgramData\Oracle\Java\javapath;C:\windows\system32;C:\windows;C:\windows\System32\Wbem;C:\windows\System32\WindowsPowerShell\v1.0\;C:\windows\system32;C:\windows;C:\windows\System32\Wbem;C:\Program Files (x86)\SQL11\DLL;C:\Program Files (x86)\SQL11\BIN;C:\Program Files\nodejs\;C:\Program Files\Microsoft SQL Server\120\Tools\Binn\;C:\Program Files\Microsoft SQL Server\130\Tools\Binn\;C:\Program Files (x86)\Windows Kits\10\Windows Performance Toolkit\;C:\windows\System32\WindowsPowerShell\v1.0\;C:\Program Files\Git\cmd;C:\Program Files\dotnet\;C:\Program Files (x86)\CheckPoint\Endpoint Security\Endpoint Common\bin;C:\Program Files\Microsoft\Web Platform Installer\;C:\Program Files\Microsoft Service Fabric\bin\Fabric\Fabric.Code;C:\Program Files\Microsoft SDKs\Service Fabric\Tools\ServiceFabricLocalClusterManager;C:\Program Files (x86)\apache-maven-3.3.9\bin;C:\Program Files\Java\jdk1.8.0_121\bin;C:\Users\ekriesw\AppData\Roaming\npm;C:\Program Files\Docker Toolbox;.bin;C:\Program Files (x86)\apache-maven-3.3.9\bin;C:\Program Files (x86)\Microsoft VS Code\bin
10 verbose lifecycle application.core@1.0.0~test: CWD: C:\Eswar\Projects\UniqueRay\Application.Core
11 silly lifecycle application.core@1.0.0~test: Args: [ '/d /s /c', 'mocha --opts mocha.opts && rm -rf test' ]
12 silly lifecycle application.core@1.0.0~test: Returned: code: 1  signal: null
13 info lifecycle application.core@1.0.0~test: Failed to exec test script
14 verbose stack Error: application.core@1.0.0 test: `mocha --opts mocha.opts && rm -rf test`
14 verbose stack Exit status 1
14 verbose stack     at EventEmitter.<anonymous> (C:\Program Files\nodejs\node_modules\npm\lib\utils\lifecycle.js:242:16)
14 verbose stack     at emitTwo (events.js:106:13)
14 verbose stack     at EventEmitter.emit (events.js:191:7)
14 verbose stack     at ChildProcess.<anonymous> (C:\Program Files\nodejs\node_modules\npm\lib\utils\spawn.js:40:14)
14 verbose stack     at emitTwo (events.js:106:13)
14 verbose stack     at ChildProcess.emit (events.js:191:7)
14 verbose stack     at maybeClose (internal/child_process.js:852:16)
14 verbose stack     at Process.ChildProcess._handle.onexit (internal/child_process.js:215:5)
15 verbose pkgid application.core@1.0.0
16 verbose cwd C:\Eswar\Projects\UniqueRay\Application.Core
17 error Windows_NT 6.1.7601
18 error argv "C:\\Program Files\\nodejs\\node.exe" "C:\\Program Files\\nodejs\\node_modules\\npm\\bin\\npm-cli.js" "run" "test"
19 error node v6.3.1
20 error npm  v3.10.3
21 error code ELIFECYCLE
22 error application.core@1.0.0 test: `mocha --opts mocha.opts && rm -rf test`
22 error Exit status 1
23 error Failed at the application.core@1.0.0 test script 'mocha --opts mocha.opts && rm -rf test'.
23 error Make sure you have the latest version of node.js and npm installed.
23 error If you do, this is most likely a problem with the application.core package,
23 error not with npm itself.
23 error Tell the author that this fails on your system:
23 error     mocha --opts mocha.opts && rm -rf test
23 error You can get information on how to open an issue for this project with:
23 error     npm bugs application.core
23 error Or if that isn't available, you can get their info via:
23 error     npm owner ls application.core
23 error There is likely additional logging output above.
24 verbose exit [ 1, true ]
